2019-03-05_10-35-19 - info: ------------------------------------------------------------------------------------
2019-03-05_10-35-19 - info: --Iniciando la ejecución del test ingresar_contratante_constituyente_script_caso1---
2019-03-05_10-35-41 - info: La prueba finalizó con éxito
2019-03-05_10-35-51 - info: ------------------------------------------------------------------------------------
2019-03-05_10-35-51 - info: --Iniciando la ejecución del test ingresar_contratante_constituyente_script_caso2---
2019-03-05_10-36-13 - info: La prueba finalizó con éxito
2019-03-05_10-36-21 - info: ------------------------------------------------------------------------------------
2019-03-05_10-36-21 - info: --Iniciando la ejecución del test ingresar_contratante_constituyente_script_caso3---
2019-03-05_10-36-43 - info: La prueba finalizó con éxito
2019-03-05_10-36-51 - info: ------------------------------------------------------------------------------------
2019-03-05_10-36-51 - info: --Iniciando la ejecución del test ingresar_contratante_constituyente_script_caso4---
2019-03-05_10-37-09 - info: La prueba finalizó con éxito
2019-03-05_10-37-17 - info: ------------------------------------------------------------------------------------
2019-03-05_10-37-17 - info: --Iniciando la ejecución del test ingresar_contratante_constituyente_script_caso5---
2019-03-05_10-37-35 - info: La prueba finalizó con éxito
2019-03-05_10-37-45 - info: ------------------------------------------------------------------------------------
2019-03-05_10-37-45 - info: --Iniciando la ejecución del test ingresar_contratante_constituyente_script_caso6---
2019-03-05_10-38-03 - info: La prueba finalizó con éxito
2019-03-05_10-38-13 - info: ------------------------------------------------------------------------------------
2019-03-05_10-38-13 - info: --Iniciando la ejecución del test ingresar_contratante_constituyente_script_caso7---
2019-03-05_10-38-31 - info: La prueba finalizó con éxito
2019-03-05_10-38-42 - info: ------------------------------------------------------------------------------------
2019-03-05_10-38-42 - info: --Iniciando la ejecución del test ingresar_contratante_constituyente_script_caso7-1-
2019-03-05_10-39-02 - info: La prueba finalizó con éxito
2019-03-05_10-39-12 - info: ------------------------------------------------------------------------------------
2019-03-05_10-39-12 - info: --Iniciando la ejecución del test ingresar_contratante_constituyente_script_caso8---
2019-03-05_10-39-31 - info: La prueba finalizó con éxito
2019-03-05_10-39-40 - info: ------------------------------------------------------------------------------------
2019-03-05_10-39-40 - info: --Iniciando la ejecución del test ingresar_contratante_deudor_script_caso9---
2019-03-05_10-39-59 - info: La prueba finalizó con éxito
2019-03-05_10-40-07 - info: ------------------------------------------------------------------------------------
2019-03-05_10-40-07 - info: --Iniciando la ejecución del test ingresar_contratante_constituyente_script_caso10--
2019-03-05_10-40-33 - info: La prueba finalizó con éxito
2019-03-05_10-40-42 - info: ------------------------------------------------------------------------------------
2019-03-05_10-40-42 - info: --Iniciando la ejecución del test ingresar_contratante_deudor_script_caso11--
2019-03-05_10-41-06 - info: La prueba finalizó con éxito
2019-03-05_10-41-15 - info: ------------------------------------------------------------------------------------
2019-03-05_10-41-15 - info: --Iniciando la ejecución del test ingresar_contratante_deudor_script_caso12--
2019-03-05_10-41-51 - info: La prueba finalizó con éxito
2019-03-05_10-42-03 - info: ------------------------------------------------------------------------------------
2019-03-05_10-42-03 - info: -----Iniciando la ejecución del test ingresar_contratante_deudor_script_caso13------
2019-03-05_10-42-40 - info: La prueba finalizó con éxito
