2019-03-05_10-27-35 - info: ------------------------------------------------------------------------------------
2019-03-05_10-27-35 - info: --Iniciando la ejecución del test ingresar_contratante_constituyente_script_caso1---
2019-03-05_10-27-56 - info: La prueba finalizó con éxito
2019-03-05_10-28-06 - info: ------------------------------------------------------------------------------------
2019-03-05_10-28-06 - info: --Iniciando la ejecución del test ingresar_contratante_constituyente_script_caso2---
2019-03-05_10-28-27 - info: La prueba finalizó con éxito
2019-03-05_10-28-36 - info: ------------------------------------------------------------------------------------
2019-03-05_10-28-36 - info: --Iniciando la ejecución del test ingresar_contratante_constituyente_script_caso3---
2019-03-05_10-28-57 - info: La prueba finalizó con éxito
2019-03-05_10-29-07 - info: ------------------------------------------------------------------------------------
2019-03-05_10-29-07 - info: --Iniciando la ejecución del test ingresar_contratante_constituyente_script_caso4---
2019-03-05_10-29-24 - info: La prueba finalizó con éxito
2019-03-05_10-29-33 - info: ------------------------------------------------------------------------------------
2019-03-05_10-29-33 - info: --Iniciando la ejecución del test ingresar_contratante_constituyente_script_caso5---
2019-03-05_10-29-51 - info: La prueba finalizó con éxito
2019-03-05_10-29-59 - info: ------------------------------------------------------------------------------------
2019-03-05_10-29-59 - info: --Iniciando la ejecución del test ingresar_contratante_constituyente_script_caso6---
2019-03-05_10-30-17 - info: La prueba finalizó con éxito
2019-03-05_10-30-26 - info: ------------------------------------------------------------------------------------
2019-03-05_10-30-26 - info: --Iniciando la ejecución del test ingresar_contratante_constituyente_script_caso7---
2019-03-05_10-30-44 - info: La prueba finalizó con éxito
2019-03-05_10-30-52 - info: ------------------------------------------------------------------------------------
2019-03-05_10-30-52 - info: --Iniciando la ejecución del test ingresar_contratante_constituyente_script_caso7-1-
2019-03-05_10-31-12 - info: La prueba finalizó con éxito
2019-03-05_10-31-21 - info: ------------------------------------------------------------------------------------
2019-03-05_10-31-21 - info: --Iniciando la ejecución del test ingresar_contratante_constituyente_script_caso8---
2019-03-05_10-31-40 - info: La prueba finalizó con éxito
2019-03-05_10-31-49 - info: ------------------------------------------------------------------------------------
2019-03-05_10-31-49 - info: --Iniciando la ejecución del test ingresar_contratante_constituyente_script_caso9---
2019-03-05_10-32-08 - info: La prueba finalizó con éxito
2019-03-05_10-32-16 - info: ------------------------------------------------------------------------------------
2019-03-05_10-32-16 - info: --Iniciando la ejecución del test ingresar_contratante_constituyente_script_caso10--
2019-03-05_10-32-42 - info: La prueba finalizó con éxito
2019-03-05_10-32-51 - info: ------------------------------------------------------------------------------------
2019-03-05_10-32-51 - info: --Iniciando la ejecución del test ingresar_contratante_constituyente_script_caso11--
2019-03-05_10-33-15 - info: La prueba finalizó con éxito
2019-03-05_10-33-25 - info: ------------------------------------------------------------------------------------
2019-03-05_10-33-25 - info: --Iniciando la ejecución del test ingresar_contratante_constituyente_script_caso12--
2019-03-05_10-34-00 - info: La prueba finalizó con éxito
2019-03-05_10-34-13 - info: ------------------------------------------------------------------------------------
2019-03-05_10-34-13 - info: --Iniciando la ejecución del test ingresar_contratante_constituyente_script_caso12--
2019-03-05_10-34-52 - info: La prueba finalizó con éxito
